<?xml version="1.0" encoding="UTF-8"?>
<coverage generated="1655857898004" clover="3.2.0">
  <project timestamp="1655857898004" name="All files">
    <metrics statements="17" coveredstatements="5" conditionals="4" coveredconditionals="0" methods="10" coveredmethods="1" elements="31" coveredelements="6" complexity="0" loc="17" ncloc="17" packages="1" files="1" classes="1"/>
    <file name="index.js" path="C:\Users\Dario\Documents\MICROVERSE\Module2\test-repo\src\index.js">
      <metrics statements="17" coveredstatements="5" conditionals="4" coveredconditionals="0" methods="10" coveredmethods="1"/>
      <line num="2" count="0" type="stmt"/>
      <line num="7" count="0" type="stmt"/>
      <line num="10" count="1" type="stmt"/>
      <line num="11" count="0" type="cond" truecount="0" falsecount="4"/>
      <line num="12" count="0" type="stmt"/>
      <line num="14" count="0" type="stmt"/>
      <line num="17" count="1" type="stmt"/>
      <line num="18" count="0" type="stmt"/>
      <line num="23" count="0" type="stmt"/>
      <line num="24" count="0" type="stmt"/>
      <line num="27" count="0" type="stmt"/>
      <line num="30" count="0" type="stmt"/>
      <line num="33" count="0" type="stmt"/>
      <line num="36" count="0" type="stmt"/>
      <line num="40" count="1" type="stmt"/>
      <line num="41" count="5" type="stmt"/>
      <line num="44" count="1" type="stmt"/>
    </file>
  </project>
</coverage>
