TN:
SF:src\index.js
FN:1,sum
FN:6,stringLength
FN:10,(anonymous_2)
FN:17,(anonymous_3)
FN:22,(anonymous_4)
FN:26,(anonymous_5)
FN:29,(anonymous_6)
FN:32,(anonymous_7)
FN:35,(anonymous_8)
FN:40,(anonymous_9)
FNF:10
FNH:1
FNDA:0,sum
FNDA:0,stringLength
FNDA:0,(anonymous_2)
FNDA:0,(anonymous_3)
FNDA:0,(anonymous_4)
FNDA:0,(anonymous_5)
FNDA:0,(anonymous_6)
FNDA:0,(anonymous_7)
FNDA:0,(anonymous_8)
FNDA:5,(anonymous_9)
DA:2,0
DA:7,0
DA:10,1
DA:11,0
DA:12,0
DA:14,0
DA:17,1
DA:18,0
DA:23,0
DA:24,0
DA:27,0
DA:30,0
DA:33,0
DA:36,0
DA:40,1
DA:41,5
DA:44,1
LF:17
LH:5
BRDA:11,0,0,0
BRDA:11,0,1,0
BRDA:11,1,0,0
BRDA:11,1,1,0
BRF:4
BRH:0
end_of_record
